# JRE version: OpenJDK Runtime Environment (8.0_242-b01) (build 1.8.0_242-release-1644-b01)
# Java VM: OpenJDK 64-Bit Server VM (25.242-b01 mixed mode windows-amd64 compressed oops)
Heap:
 PSYoungGen      total 433664K, used 333775K [0x00000000d5580000, 0x0000000100000000, 0x0000000100000000)
  eden space 271872K, 72% used [0x00000000d5580000,0x00000000e168e5a0,0x00000000e5f00000)
  from space 161792K, 84% used [0x00000000f6200000,0x00000000fe6e5968,0x0000000100000000)
  to   space 213504K, 0% used [0x00000000e5f00000,0x00000000e5f00000,0x00000000f2f80000)
 ParOldGen       total 715264K, used 276276K [0x0000000080000000, 0x00000000aba80000, 0x00000000d5580000)
  object space 715264K, 38% used [0x0000000080000000,0x0000000090dcd098,0x00000000aba80000)
 Metaspace       used 146283K, capacity 154434K, committed 154712K, reserved 1183744K
  class space    used 18772K, capacity 20329K, committed 20352K, reserved 1048576K
GC Heap History (10 events):
Event: 220.511 GC heap before
{Heap before GC invocations=18 (full 4):
 PSYoungGen      total 502784K, used 502772K [0x00000000d5580000, 0x0000000100000000, 0x0000000100000000)
  eden space 432128K, 100% used [0x00000000d5580000,0x00000000efb80000,0x00000000efb80000)
  from space 70656K, 99% used [0x00000000efb80000,0x00000000f407d310,0x00000000f4080000)
  to   space 105984K, 0% used [0x00000000f9880000,0x00000000f9880000,0x0000000100000000)
 ParOldGen       total 715264K, used 162193K [0x0000000080000000, 0x00000000aba80000, 0x00000000d5580000)
  object space 715264K, 22% used [0x0000000080000000,0x0000000089e645e8,0x00000000aba80000)
 Metaspace       used 131032K, capacity 137548K, committed 137816K, reserved 1169408K
  class space    used 16932K, capacity 18230K, committed 18304K, reserved 1048576K
Event: 220.579 GC heap after
Heap after GC invocations=18 (full 4):
 PSYoungGen      total 580608K, used 75196K [0x00000000d5580000, 0x0000000100000000, 0x0000000100000000)
  eden space 474624K, 0% used [0x00000000d5580000,0x00000000d5580000,0x00000000f2500000)
  from space 105984K, 70% used [0x00000000f9880000,0x00000000fe1ef118,0x0000000100000000)
  to   space 112128K, 0% used [0x00000000f2500000,0x00000000f2500000,0x00000000f9280000)
 ParOldGen       total 715264K, used 162201K [0x0000000080000000, 0x00000000aba80000, 0x00000000d5580000)
  object space 715264K, 22% used [0x0000000080000000,0x0000000089e665e8,0x00000000aba80000)
 Metaspace       used 131032K, capacity 137548K, committed 137816K, reserved 1169408K
  class space    used 16932K, capacity 18230K, committed 18304K, reserved 1048576K
}
Event: 225.585 GC heap before
{Heap before GC invocations=19 (full 4):
 PSYoungGen      total 580608K, used 549820K [0x00000000d5580000, 0x0000000100000000, 0x0000000100000000)
  eden space 474624K, 100% used [0x00000000d5580000,0x00000000f2500000,0x00000000f2500000)
  from space 105984K, 70% used [0x00000000f9880000,0x00000000fe1ef118,0x0000000100000000)
  to   space 112128K, 0% used [0x00000000f2500000,0x00000000f2500000,0x00000000f9280000)
 ParOldGen       total 715264K, used 162201K [0x0000000080000000, 0x00000000aba80000, 0x00000000d5580000)
  object space 715264K, 22% used [0x0000000080000000,0x0000000089e665e8,0x00000000aba80000)
 Metaspace       used 142665K, capacity 150426K, committed 150488K, reserved 1179648K
  class space    used 18465K, capacity 19951K, committed 19968K, reserved 1048576K
Event: 225.652 GC heap after
Heap after GC invocations=19 (full 4):
 PSYoungGen      total 577024K, used 102239K [0x00000000d5580000, 0x0000000100000000, 0x0000000100000000)
  eden space 474624K, 0% used [0x00000000d5580000,0x00000000d5580000,0x00000000f2500000)
  from space 102400K, 99% used [0x00000000f2500000,0x00000000f88d7fb0,0x00000000f8900000)
  to   space 121856K, 0% used [0x00000000f8900000,0x00000000f8900000,0x0000000100000000)
 ParOldGen       total 715264K, used 162217K [0x0000000080000000, 0x00000000aba80000, 0x00000000d5580000)
  object space 715264K, 22% used [0x0000000080000000,0x0000000089e6a5e8,0x00000000aba80000)
 Metaspace       used 142665K, capacity 150426K, committed 150488K, reserved 1179648K
  class space    used 18465K, capacity 19951K, committed 19968K, reserved 1048576K
}
Event: 228.244 GC heap before
{Heap before GC invocations=20 (full 4):
 PSYoungGen      total 577024K, used 576863K [0x00000000d5580000, 0x0000000100000000, 0x0000000100000000)
  eden space 474624K, 100% used [0x00000000d5580000,0x00000000f2500000,0x00000000f2500000)
  from space 102400K, 99% used [0x00000000f2500000,0x00000000f88d7fb0,0x00000000f8900000)
  to   space 121856K, 0% used [0x00000000f8900000,0x00000000f8900000,0x0000000100000000)
 ParOldGen       total 715264K, used 162217K [0x0000000080000000, 0x00000000aba80000, 0x00000000d5580000)
  object space 715264K, 22% used [0x0000000080000000,0x0000000089e6a5e8,0x00000000aba80000)
 Metaspace       used 144320K, capacity 152192K, committed 152408K, reserved 1181696K
  class space    used 18581K, capacity 20094K, committed 20096K, reserved 1048576K
Event: 228.340 GC heap after
Heap after GC invocations=20 (full 4):
 PSYoungGen      total 497152K, used 121844K [0x00000000d5580000, 0x0000000100000000, 0x0000000100000000)
  eden space 375296K, 0% used [0x00000000d5580000,0x00000000d5580000,0x00000000ec400000)
  from space 121856K, 99% used [0x00000000f8900000,0x00000000ffffd338,0x0000000100000000)
  to   space 161792K, 0% used [0x00000000ec400000,0x00000000ec400000,0x00000000f6200000)
 ParOldGen       total 715264K, used 206420K [0x0000000080000000, 0x00000000aba80000, 0x00000000d5580000)
  object space 715264K, 28% used [0x0000000080000000,0x000000008c9950c0,0x00000000aba80000)
 Metaspace       used 144320K, capacity 152192K, committed 152408K, reserved 1181696K
  class space    used 18581K, capacity 20094K, committed 20096K, reserved 1048576K
}
Event: 230.346 GC heap before
{Heap before GC invocations=21 (full 4):
 PSYoungGen      total 497152K, used 497140K [0x00000000d5580000, 0x0000000100000000, 0x0000000100000000)
  eden space 375296K, 100% used [0x00000000d5580000,0x00000000ec400000,0x00000000ec400000)
  from space 121856K, 99% used [0x00000000f8900000,0x00000000ffffd338,0x0000000100000000)
  to   space 161792K, 0% used [0x00000000ec400000,0x00000000ec400000,0x00000000f6200000)
 ParOldGen       total 715264K, used 206420K [0x0000000080000000, 0x00000000aba80000, 0x00000000d5580000)
  object space 715264K, 28% used [0x0000000080000000,0x000000008c9950c0,0x00000000aba80000)
 Metaspace       used 144561K, capacity 152486K, committed 152792K, reserved 1181696K
  class space    used 18588K, capacity 20101K, committed 20224K, reserved 1048576K
Event: 230.470 GC heap after
Heap after GC invocations=21 (full 4):
 PSYoungGen      total 537088K, used 161791K [0x00000000d5580000, 0x0000000100000000, 0x0000000100000000)
  eden space 375296K, 0% used [0x00000000d5580000,0x00000000d5580000,0x00000000ec400000)
  from space 161792K, 99% used [0x00000000ec400000,0x00000000f61fff00,0x00000000f6200000)
  to   space 161792K, 0% used [0x00000000f6200000,0x00000000f6200000,0x0000000100000000)
 ParOldGen       total 715264K, used 248375K [0x0000000080000000, 0x00000000aba80000, 0x00000000d5580000)
  object space 715264K, 34% used [0x0000000080000000,0x000000008f28df40,0x00000000aba80000)
 Metaspace       used 144561K, capacity 152486K, committed 152792K, reserved 1181696K
  class space    used 18588K, capacity 20101K, committed 20224K, reserved 1048576K
}
Event: 581.442 GC heap before
{Heap before GC invocations=22 (full 4):
 PSYoungGen      total 537088K, used 537087K [0x00000000d5580000, 0x0000000100000000, 0x0000000100000000)
  eden space 375296K, 100% used [0x00000000d5580000,0x00000000ec400000,0x00000000ec400000)
  from space 161792K, 99% used [0x00000000ec400000,0x00000000f61fff00,0x00000000f6200000)
  to   space 161792K, 0% used [0x00000000f6200000,0x00000000f6200000,0x0000000100000000)
 ParOldGen       total 715264K, used 248375K [0x0000000080000000, 0x00000000aba80000, 0x00000000d5580000)
  object space 715264K, 34% used [0x0000000080000000,0x000000008f28df40,0x00000000aba80000)
 Metaspace       used 146051K, capacity 154138K, committed 154200K, reserved 1183744K
  class space    used 18751K, capacity 20313K, committed 20352K, reserved 1048576K
Event: 581.522 GC heap after
Heap after GC invocations=22 (full 4):
 PSYoungGen      total 433664K, used 136086K [0x00000000d5580000, 0x0000000100000000, 0x0000000100000000)
  eden space 271872K, 0% used [0x00000000d5580000,0x00000000d5580000,0x00000000e5f00000)
  from space 161792K, 84% used [0x00000000f6200000,0x00000000fe6e5968,0x0000000100000000)
  to   space 213504K, 0% used [0x00000000e5f00000,0x00000000e5f00000,0x00000000f2f80000)
 ParOldGen       total 715264K, used 276276K [0x0000000080000000, 0x00000000aba80000, 0x00000000d5580000)
  object space 715264K, 38% used [0x0000000080000000,0x0000000090dcd098,0x00000000aba80000)
 Metaspace       used 146051K, capacity 154138K, committed 154200K, reserved 1183744K
  class space    used 18751K, capacity 20313K, committed 20352K, reserved 1048576K
}

